2020-06-04 15:13:16,174 WARN  [SoapUI] Missing folder [C:\Users\VIGNESHRAVIKUMAR\Desktop\Project\my-vignesh\ext] for external libraries
2020-06-04 15:13:16,623 INFO  [DefaultSoapUICore] initialized soapui-settings from [C:\Users\VIGNESHRAVIKUMAR\soapui-settings.xml]
2020-06-04 15:13:20,969 INFO  [PluginManager] Adding plugin from [C:\Users\VIGNESHRAVIKUMAR\.soapuios\plugins\ready-mqtt-plugin-dist.jar]
2020-06-04 15:13:20,976 INFO  [PluginManager] Adding plugin from [C:\Users\VIGNESHRAVIKUMAR\.soapuios\plugins\soapui-swagger-plugin-2.2-dist.jar]
2020-06-04 15:13:23,604 ERROR [SoapUI] An error occurred [com.eviware.soapui.plugins.auto.factories.AutoDiscoveryMethodFactory], see error log for details
2020-06-04 15:13:23,616 ERROR [errorlog] java.lang.ClassNotFoundException: com.eviware.soapui.plugins.auto.factories.AutoDiscoveryMethodFactory
java.lang.ClassNotFoundException: com.eviware.soapui.plugins.auto.factories.AutoDiscoveryMethodFactory
	at org.codehaus.plexus.classworlds.strategy.SelfFirstStrategy.loadClass(SelfFirstStrategy.java:50)
	at org.codehaus.plexus.classworlds.realm.ClassRealm.unsynchronizedLoadClass(ClassRealm.java:271)
	at org.codehaus.plexus.classworlds.realm.ClassRealm.loadClass(ClassRealm.java:247)
	at org.codehaus.plexus.classworlds.realm.ClassRealm.loadClass(ClassRealm.java:239)
	at java.lang.Class.forName0(Native Method)
	at java.lang.Class.forName(Class.java:264)
	at com.eviware.soapui.plugins.LoaderBase.loadAutoFactories(LoaderBase.java:113)
	at com.eviware.soapui.plugins.LoaderBase.loadFactories(LoaderBase.java:80)
	at com.eviware.soapui.plugins.PluginLoader.loadPluginFactories(PluginLoader.java:141)
	at com.eviware.soapui.plugins.PluginLoader.loadPlugin(PluginLoader.java:104)
	at com.eviware.soapui.plugins.PluginLoader.loadPlugin(PluginLoader.java:54)
	at com.eviware.soapui.plugins.PluginManager.doInstallPlugin(PluginManager.java:141)
	at com.eviware.soapui.plugins.PluginManager.access$600(PluginManager.java:43)
	at com.eviware.soapui.plugins.PluginManager$LoadPluginsTask.computeSequentially(PluginManager.java:420)
	at com.eviware.soapui.plugins.PluginManager$LoadPluginsTask.compute(PluginManager.java:377)
	at com.eviware.soapui.plugins.PluginManager$LoadPluginsTask.compute(PluginManager.java:382)
	at com.eviware.soapui.plugins.PluginManager$LoadPluginsTask.compute(PluginManager.java:365)
	at java.util.concurrent.RecursiveTask.exec(RecursiveTask.java:94)
	at java.util.concurrent.ForkJoinTask.doExec(ForkJoinTask.java:289)
	at java.util.concurrent.ForkJoinPool$WorkQueue.runTask(ForkJoinPool.java:1056)
	at java.util.concurrent.ForkJoinPool.runWorker(ForkJoinPool.java:1692)
	at java.util.concurrent.ForkJoinWorkerThread.run(ForkJoinWorkerThread.java:157)
2020-06-04 15:13:24,055 ERROR [SoapUI] An error occurred [com.eviware.soapui.plugins.auto.factories.AutoDiscoveryMethodFactory], see error log for details
2020-06-04 15:13:24,060 ERROR [errorlog] java.lang.ClassNotFoundException: com.eviware.soapui.plugins.auto.factories.AutoDiscoveryMethodFactory
java.lang.ClassNotFoundException: com.eviware.soapui.plugins.auto.factories.AutoDiscoveryMethodFactory
	at org.codehaus.plexus.classworlds.strategy.SelfFirstStrategy.loadClass(SelfFirstStrategy.java:50)
	at org.codehaus.plexus.classworlds.realm.ClassRealm.unsynchronizedLoadClass(ClassRealm.java:271)
	at org.codehaus.plexus.classworlds.realm.ClassRealm.loadClass(ClassRealm.java:247)
	at org.codehaus.plexus.classworlds.realm.ClassRealm.loadClass(ClassRealm.java:239)
	at java.lang.Class.forName0(Native Method)
	at java.lang.Class.forName(Class.java:264)
	at com.eviware.soapui.plugins.LoaderBase.loadAutoFactories(LoaderBase.java:113)
	at com.eviware.soapui.plugins.LoaderBase.loadFactories(LoaderBase.java:80)
	at com.eviware.soapui.plugins.PluginLoader.loadPluginFactories(PluginLoader.java:141)
	at com.eviware.soapui.plugins.PluginLoader.loadPlugin(PluginLoader.java:104)
	at com.eviware.soapui.plugins.PluginLoader.loadPlugin(PluginLoader.java:54)
	at com.eviware.soapui.plugins.PluginManager.doInstallPlugin(PluginManager.java:141)
	at com.eviware.soapui.plugins.PluginManager.access$600(PluginManager.java:43)
	at com.eviware.soapui.plugins.PluginManager$LoadPluginsTask.computeSequentially(PluginManager.java:420)
	at com.eviware.soapui.plugins.PluginManager$LoadPluginsTask.compute(PluginManager.java:377)
	at com.eviware.soapui.plugins.PluginManager$LoadPluginsTask.compute(PluginManager.java:365)
	at java.util.concurrent.RecursiveTask.exec(RecursiveTask.java:94)
	at java.util.concurrent.ForkJoinTask.doExec(ForkJoinTask.java:289)
	at java.util.concurrent.ForkJoinPool$WorkQueue.runTask(ForkJoinPool.java:1056)
	at java.util.concurrent.ForkJoinPool.runWorker(ForkJoinPool.java:1692)
	at java.util.concurrent.ForkJoinWorkerThread.run(ForkJoinWorkerThread.java:157)
2020-06-04 15:13:24,160 ERROR [SoapUI] An error occurred [com.eviware.soapui.plugins.auto.factories.AutoImportMethodFactory], see error log for details
2020-06-04 15:13:24,161 ERROR [errorlog] java.lang.ClassNotFoundException: com.eviware.soapui.plugins.auto.factories.AutoImportMethodFactory
java.lang.ClassNotFoundException: com.eviware.soapui.plugins.auto.factories.AutoImportMethodFactory
	at org.codehaus.plexus.classworlds.strategy.SelfFirstStrategy.loadClass(SelfFirstStrategy.java:50)
	at org.codehaus.plexus.classworlds.realm.ClassRealm.unsynchronizedLoadClass(ClassRealm.java:271)
	at org.codehaus.plexus.classworlds.realm.ClassRealm.loadClass(ClassRealm.java:247)
	at org.codehaus.plexus.classworlds.realm.ClassRealm.loadClass(ClassRealm.java:239)
	at java.lang.Class.forName0(Native Method)
	at java.lang.Class.forName(Class.java:264)
	at com.eviware.soapui.plugins.LoaderBase.loadAutoFactories(LoaderBase.java:113)
	at com.eviware.soapui.plugins.LoaderBase.loadFactories(LoaderBase.java:80)
	at com.eviware.soapui.plugins.PluginLoader.loadPluginFactories(PluginLoader.java:141)
	at com.eviware.soapui.plugins.PluginLoader.loadPlugin(PluginLoader.java:104)
	at com.eviware.soapui.plugins.PluginLoader.loadPlugin(PluginLoader.java:54)
	at com.eviware.soapui.plugins.PluginManager.doInstallPlugin(PluginManager.java:141)
	at com.eviware.soapui.plugins.PluginManager.access$600(PluginManager.java:43)
	at com.eviware.soapui.plugins.PluginManager$LoadPluginsTask.computeSequentially(PluginManager.java:420)
	at com.eviware.soapui.plugins.PluginManager$LoadPluginsTask.compute(PluginManager.java:377)
	at com.eviware.soapui.plugins.PluginManager$LoadPluginsTask.compute(PluginManager.java:382)
	at com.eviware.soapui.plugins.PluginManager$LoadPluginsTask.compute(PluginManager.java:365)
	at java.util.concurrent.RecursiveTask.exec(RecursiveTask.java:94)
	at java.util.concurrent.ForkJoinTask.doExec(ForkJoinTask.java:289)
	at java.util.concurrent.ForkJoinPool$WorkQueue.runTask(ForkJoinPool.java:1056)
	at java.util.concurrent.ForkJoinPool.runWorker(ForkJoinPool.java:1692)
	at java.util.concurrent.ForkJoinWorkerThread.run(ForkJoinWorkerThread.java:157)
2020-06-04 15:13:24,554 ERROR [SoapUI] An error occurred [com.eviware.soapui.plugins.auto.factories.AutoImportMethodFactory], see error log for details
2020-06-04 15:13:24,556 ERROR [errorlog] java.lang.ClassNotFoundException: com.eviware.soapui.plugins.auto.factories.AutoImportMethodFactory
java.lang.ClassNotFoundException: com.eviware.soapui.plugins.auto.factories.AutoImportMethodFactory
	at org.codehaus.plexus.classworlds.strategy.SelfFirstStrategy.loadClass(SelfFirstStrategy.java:50)
	at org.codehaus.plexus.classworlds.realm.ClassRealm.unsynchronizedLoadClass(ClassRealm.java:271)
	at org.codehaus.plexus.classworlds.realm.ClassRealm.loadClass(ClassRealm.java:247)
	at org.codehaus.plexus.classworlds.realm.ClassRealm.loadClass(ClassRealm.java:239)
	at java.lang.Class.forName0(Native Method)
	at java.lang.Class.forName(Class.java:264)
	at com.eviware.soapui.plugins.LoaderBase.loadAutoFactories(LoaderBase.java:113)
	at com.eviware.soapui.plugins.LoaderBase.loadFactories(LoaderBase.java:80)
	at com.eviware.soapui.plugins.PluginLoader.loadPluginFactories(PluginLoader.java:141)
	at com.eviware.soapui.plugins.PluginLoader.loadPlugin(PluginLoader.java:104)
	at com.eviware.soapui.plugins.PluginLoader.loadPlugin(PluginLoader.java:54)
	at com.eviware.soapui.plugins.PluginManager.doInstallPlugin(PluginManager.java:141)
	at com.eviware.soapui.plugins.PluginManager.access$600(PluginManager.java:43)
	at com.eviware.soapui.plugins.PluginManager$LoadPluginsTask.computeSequentially(PluginManager.java:420)
	at com.eviware.soapui.plugins.PluginManager$LoadPluginsTask.compute(PluginManager.java:377)
	at com.eviware.soapui.plugins.PluginManager$LoadPluginsTask.compute(PluginManager.java:365)
	at java.util.concurrent.RecursiveTask.exec(RecursiveTask.java:94)
	at java.util.concurrent.ForkJoinTask.doExec(ForkJoinTask.java:289)
	at java.util.concurrent.ForkJoinPool$WorkQueue.runTask(ForkJoinPool.java:1056)
	at java.util.concurrent.ForkJoinPool.runWorker(ForkJoinPool.java:1692)
	at java.util.concurrent.ForkJoinWorkerThread.run(ForkJoinWorkerThread.java:157)
2020-06-04 15:13:24,903 INFO  [PluginManager] Adding plugin from [C:\Users\VIGNESHRAVIKUMAR\.soapuios\plugins\ready-uxm-plugin-1.0.1-dist.jar]
2020-06-04 15:13:25,461 INFO  [PluginManager] Adding plugin from [C:\Users\VIGNESHRAVIKUMAR\.soapuios\plugins\readyapi-postman-1.0.1.jar]
2020-06-04 15:13:26,743 ERROR [SoapUI] An error occurred [com.eviware.soapui.plugins.auto.factories.AutoDiscoveryMethodFactory], see error log for details
2020-06-04 15:13:26,748 ERROR [errorlog] java.lang.ClassNotFoundException: com.eviware.soapui.plugins.auto.factories.AutoDiscoveryMethodFactory
java.lang.ClassNotFoundException: com.eviware.soapui.plugins.auto.factories.AutoDiscoveryMethodFactory
	at org.codehaus.plexus.classworlds.strategy.SelfFirstStrategy.loadClass(SelfFirstStrategy.java:50)
	at org.codehaus.plexus.classworlds.realm.ClassRealm.unsynchronizedLoadClass(ClassRealm.java:271)
	at org.codehaus.plexus.classworlds.realm.ClassRealm.loadClass(ClassRealm.java:247)
	at org.codehaus.plexus.classworlds.realm.ClassRealm.loadClass(ClassRealm.java:239)
	at java.lang.Class.forName0(Native Method)
	at java.lang.Class.forName(Class.java:264)
	at com.eviware.soapui.plugins.LoaderBase.loadAutoFactories(LoaderBase.java:113)
	at com.eviware.soapui.plugins.LoaderBase.loadFactories(LoaderBase.java:80)
	at com.eviware.soapui.plugins.PluginLoader.loadPluginFactories(PluginLoader.java:141)
	at com.eviware.soapui.plugins.PluginLoader.loadPlugin(PluginLoader.java:104)
	at com.eviware.soapui.plugins.PluginLoader.loadPlugin(PluginLoader.java:54)
	at com.eviware.soapui.plugins.PluginManager.doInstallPlugin(PluginManager.java:141)
	at com.eviware.soapui.plugins.PluginManager.access$600(PluginManager.java:43)
	at com.eviware.soapui.plugins.PluginManager$LoadPluginsTask.computeSequentially(PluginManager.java:420)
	at com.eviware.soapui.plugins.PluginManager$LoadPluginsTask.compute(PluginManager.java:377)
	at com.eviware.soapui.plugins.PluginManager$LoadPluginsTask.compute(PluginManager.java:365)
	at java.util.concurrent.RecursiveTask.exec(RecursiveTask.java:94)
	at java.util.concurrent.ForkJoinTask.doExec(ForkJoinTask.java:289)
	at java.util.concurrent.ForkJoinPool$WorkQueue.runTask(ForkJoinPool.java:1056)
	at java.util.concurrent.ForkJoinPool.runWorker(ForkJoinPool.java:1692)
	at java.util.concurrent.ForkJoinWorkerThread.run(ForkJoinWorkerThread.java:157)
2020-06-04 15:13:26,746 ERROR [SoapUI] An error occurred [com.eviware.soapui.plugins.auto.factories.AutoDiscoveryMethodFactory], see error log for details
2020-06-04 15:13:26,759 ERROR [errorlog] java.lang.ClassNotFoundException: com.eviware.soapui.plugins.auto.factories.AutoDiscoveryMethodFactory
java.lang.ClassNotFoundException: com.eviware.soapui.plugins.auto.factories.AutoDiscoveryMethodFactory
	at org.codehaus.plexus.classworlds.strategy.SelfFirstStrategy.loadClass(SelfFirstStrategy.java:50)
	at org.codehaus.plexus.classworlds.realm.ClassRealm.unsynchronizedLoadClass(ClassRealm.java:271)
	at org.codehaus.plexus.classworlds.realm.ClassRealm.loadClass(ClassRealm.java:247)
	at org.codehaus.plexus.classworlds.realm.ClassRealm.loadClass(ClassRealm.java:239)
	at java.lang.Class.forName0(Native Method)
	at java.lang.Class.forName(Class.java:264)
	at com.eviware.soapui.plugins.LoaderBase.loadAutoFactories(LoaderBase.java:113)
	at com.eviware.soapui.plugins.LoaderBase.loadFactories(LoaderBase.java:80)
	at com.eviware.soapui.plugins.PluginLoader.loadPluginFactories(PluginLoader.java:141)
	at com.eviware.soapui.plugins.PluginLoader.loadPlugin(PluginLoader.java:104)
	at com.eviware.soapui.plugins.PluginLoader.loadPlugin(PluginLoader.java:54)
	at com.eviware.soapui.plugins.PluginManager.doInstallPlugin(PluginManager.java:141)
	at com.eviware.soapui.plugins.PluginManager.access$600(PluginManager.java:43)
	at com.eviware.soapui.plugins.PluginManager$LoadPluginsTask.computeSequentially(PluginManager.java:420)
	at com.eviware.soapui.plugins.PluginManager$LoadPluginsTask.compute(PluginManager.java:377)
	at com.eviware.soapui.plugins.PluginManager$LoadPluginsTask.compute(PluginManager.java:382)
	at com.eviware.soapui.plugins.PluginManager$LoadPluginsTask.compute(PluginManager.java:365)
	at java.util.concurrent.RecursiveTask.exec(RecursiveTask.java:94)
	at java.util.concurrent.ForkJoinTask.doExec(ForkJoinTask.java:289)
	at java.util.concurrent.ForkJoinPool$WorkQueue.runTask(ForkJoinPool.java:1056)
	at java.util.concurrent.ForkJoinPool.runWorker(ForkJoinPool.java:1692)
	at java.util.concurrent.ForkJoinWorkerThread.run(ForkJoinWorkerThread.java:157)
2020-06-04 15:13:26,997 ERROR [SoapUI] An error occurred [com.eviware.soapui.plugins.auto.factories.AutoImportMethodFactory], see error log for details
2020-06-04 15:13:27,012 ERROR [errorlog] java.lang.ClassNotFoundException: com.eviware.soapui.plugins.auto.factories.AutoImportMethodFactory
java.lang.ClassNotFoundException: com.eviware.soapui.plugins.auto.factories.AutoImportMethodFactory
	at org.codehaus.plexus.classworlds.strategy.SelfFirstStrategy.loadClass(SelfFirstStrategy.java:50)
	at org.codehaus.plexus.classworlds.realm.ClassRealm.unsynchronizedLoadClass(ClassRealm.java:271)
	at org.codehaus.plexus.classworlds.realm.ClassRealm.loadClass(ClassRealm.java:247)
	at org.codehaus.plexus.classworlds.realm.ClassRealm.loadClass(ClassRealm.java:239)
	at java.lang.Class.forName0(Native Method)
	at java.lang.Class.forName(Class.java:264)
	at com.eviware.soapui.plugins.LoaderBase.loadAutoFactories(LoaderBase.java:113)
	at com.eviware.soapui.plugins.LoaderBase.loadFactories(LoaderBase.java:80)
	at com.eviware.soapui.plugins.PluginLoader.loadPluginFactories(PluginLoader.java:141)
	at com.eviware.soapui.plugins.PluginLoader.loadPlugin(PluginLoader.java:104)
	at com.eviware.soapui.plugins.PluginLoader.loadPlugin(PluginLoader.java:54)
	at com.eviware.soapui.plugins.PluginManager.doInstallPlugin(PluginManager.java:141)
	at com.eviware.soapui.plugins.PluginManager.access$600(PluginManager.java:43)
	at com.eviware.soapui.plugins.PluginManager$LoadPluginsTask.computeSequentially(PluginManager.java:420)
	at com.eviware.soapui.plugins.PluginManager$LoadPluginsTask.compute(PluginManager.java:377)
	at com.eviware.soapui.plugins.PluginManager$LoadPluginsTask.compute(PluginManager.java:365)
	at java.util.concurrent.RecursiveTask.exec(RecursiveTask.java:94)
	at java.util.concurrent.ForkJoinTask.doExec(ForkJoinTask.java:289)
	at java.util.concurrent.ForkJoinPool$WorkQueue.runTask(ForkJoinPool.java:1056)
	at java.util.concurrent.ForkJoinPool.runWorker(ForkJoinPool.java:1692)
	at java.util.concurrent.ForkJoinWorkerThread.run(ForkJoinWorkerThread.java:157)
2020-06-04 15:13:27,365 ERROR [SoapUI] An error occurred [com.eviware.soapui.plugins.auto.factories.AutoImportMethodFactory], see error log for details
2020-06-04 15:13:27,366 ERROR [errorlog] java.lang.ClassNotFoundException: com.eviware.soapui.plugins.auto.factories.AutoImportMethodFactory
java.lang.ClassNotFoundException: com.eviware.soapui.plugins.auto.factories.AutoImportMethodFactory
	at org.codehaus.plexus.classworlds.strategy.SelfFirstStrategy.loadClass(SelfFirstStrategy.java:50)
	at org.codehaus.plexus.classworlds.realm.ClassRealm.unsynchronizedLoadClass(ClassRealm.java:271)
	at org.codehaus.plexus.classworlds.realm.ClassRealm.loadClass(ClassRealm.java:247)
	at org.codehaus.plexus.classworlds.realm.ClassRealm.loadClass(ClassRealm.java:239)
	at java.lang.Class.forName0(Native Method)
	at java.lang.Class.forName(Class.java:264)
	at com.eviware.soapui.plugins.LoaderBase.loadAutoFactories(LoaderBase.java:113)
	at com.eviware.soapui.plugins.LoaderBase.loadFactories(LoaderBase.java:80)
	at com.eviware.soapui.plugins.PluginLoader.loadPluginFactories(PluginLoader.java:141)
	at com.eviware.soapui.plugins.PluginLoader.loadPlugin(PluginLoader.java:104)
	at com.eviware.soapui.plugins.PluginLoader.loadPlugin(PluginLoader.java:54)
	at com.eviware.soapui.plugins.PluginManager.doInstallPlugin(PluginManager.java:141)
	at com.eviware.soapui.plugins.PluginManager.access$600(PluginManager.java:43)
	at com.eviware.soapui.plugins.PluginManager$LoadPluginsTask.computeSequentially(PluginManager.java:420)
	at com.eviware.soapui.plugins.PluginManager$LoadPluginsTask.compute(PluginManager.java:377)
	at com.eviware.soapui.plugins.PluginManager$LoadPluginsTask.compute(PluginManager.java:382)
	at com.eviware.soapui.plugins.PluginManager$LoadPluginsTask.compute(PluginManager.java:365)
	at java.util.concurrent.RecursiveTask.exec(RecursiveTask.java:94)
	at java.util.concurrent.ForkJoinTask.doExec(ForkJoinTask.java:289)
	at java.util.concurrent.ForkJoinPool$WorkQueue.runTask(ForkJoinPool.java:1056)
	at java.util.concurrent.ForkJoinPool.runWorker(ForkJoinPool.java:1692)
	at java.util.concurrent.ForkJoinWorkerThread.run(ForkJoinWorkerThread.java:157)
2020-06-04 15:13:28,142 INFO  [PluginManager] Adding plugin from [C:\Users\VIGNESHRAVIKUMAR\.soapuios\plugins\readyapi-swaggerhub-plugin-1.0.jar]
2020-06-04 15:13:28,882 ERROR [SoapUI] An error occurred [com.eviware.soapui.plugins.auto.factories.AutoDiscoveryMethodFactory], see error log for details
2020-06-04 15:13:28,884 ERROR [errorlog] java.lang.ClassNotFoundException: com.eviware.soapui.plugins.auto.factories.AutoDiscoveryMethodFactory
java.lang.ClassNotFoundException: com.eviware.soapui.plugins.auto.factories.AutoDiscoveryMethodFactory
	at org.codehaus.plexus.classworlds.strategy.SelfFirstStrategy.loadClass(SelfFirstStrategy.java:50)
	at org.codehaus.plexus.classworlds.realm.ClassRealm.unsynchronizedLoadClass(ClassRealm.java:271)
	at org.codehaus.plexus.classworlds.realm.ClassRealm.loadClass(ClassRealm.java:247)
	at org.codehaus.plexus.classworlds.realm.ClassRealm.loadClass(ClassRealm.java:239)
	at java.lang.Class.forName0(Native Method)
	at java.lang.Class.forName(Class.java:264)
	at com.eviware.soapui.plugins.LoaderBase.loadAutoFactories(LoaderBase.java:113)
	at com.eviware.soapui.plugins.LoaderBase.loadFactories(LoaderBase.java:80)
	at com.eviware.soapui.plugins.PluginLoader.loadPluginFactories(PluginLoader.java:141)
	at com.eviware.soapui.plugins.PluginLoader.loadPlugin(PluginLoader.java:104)
	at com.eviware.soapui.plugins.PluginLoader.loadPlugin(PluginLoader.java:54)
	at com.eviware.soapui.plugins.PluginManager.doInstallPlugin(PluginManager.java:141)
	at com.eviware.soapui.plugins.PluginManager.access$600(PluginManager.java:43)
	at com.eviware.soapui.plugins.PluginManager$LoadPluginsTask.computeSequentially(PluginManager.java:420)
	at com.eviware.soapui.plugins.PluginManager$LoadPluginsTask.compute(PluginManager.java:377)
	at com.eviware.soapui.plugins.PluginManager$LoadPluginsTask.compute(PluginManager.java:382)
	at com.eviware.soapui.plugins.PluginManager$LoadPluginsTask.compute(PluginManager.java:365)
	at java.util.concurrent.RecursiveTask.exec(RecursiveTask.java:94)
	at java.util.concurrent.ForkJoinTask.doExec(ForkJoinTask.java:289)
	at java.util.concurrent.ForkJoinPool$WorkQueue.runTask(ForkJoinPool.java:1056)
	at java.util.concurrent.ForkJoinPool.runWorker(ForkJoinPool.java:1692)
	at java.util.concurrent.ForkJoinWorkerThread.run(ForkJoinWorkerThread.java:157)
2020-06-04 15:13:29,246 ERROR [SoapUI] An error occurred [com.eviware.soapui.plugins.auto.factories.AutoImportMethodFactory], see error log for details
2020-06-04 15:13:29,264 ERROR [errorlog] java.lang.ClassNotFoundException: com.eviware.soapui.plugins.auto.factories.AutoImportMethodFactory
java.lang.ClassNotFoundException: com.eviware.soapui.plugins.auto.factories.AutoImportMethodFactory
	at org.codehaus.plexus.classworlds.strategy.SelfFirstStrategy.loadClass(SelfFirstStrategy.java:50)
	at org.codehaus.plexus.classworlds.realm.ClassRealm.unsynchronizedLoadClass(ClassRealm.java:271)
	at org.codehaus.plexus.classworlds.realm.ClassRealm.loadClass(ClassRealm.java:247)
	at org.codehaus.plexus.classworlds.realm.ClassRealm.loadClass(ClassRealm.java:239)
	at java.lang.Class.forName0(Native Method)
	at java.lang.Class.forName(Class.java:264)
	at com.eviware.soapui.plugins.LoaderBase.loadAutoFactories(LoaderBase.java:113)
	at com.eviware.soapui.plugins.LoaderBase.loadFactories(LoaderBase.java:80)
	at com.eviware.soapui.plugins.PluginLoader.loadPluginFactories(PluginLoader.java:141)
	at com.eviware.soapui.plugins.PluginLoader.loadPlugin(PluginLoader.java:104)
	at com.eviware.soapui.plugins.PluginLoader.loadPlugin(PluginLoader.java:54)
	at com.eviware.soapui.plugins.PluginManager.doInstallPlugin(PluginManager.java:141)
	at com.eviware.soapui.plugins.PluginManager.access$600(PluginManager.java:43)
	at com.eviware.soapui.plugins.PluginManager$LoadPluginsTask.computeSequentially(PluginManager.java:420)
	at com.eviware.soapui.plugins.PluginManager$LoadPluginsTask.compute(PluginManager.java:377)
	at com.eviware.soapui.plugins.PluginManager$LoadPluginsTask.compute(PluginManager.java:382)
	at com.eviware.soapui.plugins.PluginManager$LoadPluginsTask.compute(PluginManager.java:365)
	at java.util.concurrent.RecursiveTask.exec(RecursiveTask.java:94)
	at java.util.concurrent.ForkJoinTask.doExec(ForkJoinTask.java:289)
	at java.util.concurrent.ForkJoinPool$WorkQueue.runTask(ForkJoinPool.java:1056)
	at java.util.concurrent.ForkJoinPool.runWorker(ForkJoinPool.java:1692)
	at java.util.concurrent.ForkJoinWorkerThread.run(ForkJoinWorkerThread.java:157)
2020-06-04 15:13:29,703 INFO  [PluginManager] 5 plugins loaded in 8750 ms
2020-06-04 15:13:29,704 INFO  [DefaultSoapUICore] All plugins loaded
2020-06-04 15:13:33,245 INFO  [WsdlProject] Loaded project from [file:/C:/Users/VIGNESHRAVIKUMAR/Desktop/Project/my-vignesh/WSDL-Project-soapui-project.xml]
2020-06-04 15:13:33,265 INFO  [SoapUITestCaseRunner] Running SoapUI tests in project [WSDL Project]
2020-06-04 15:13:33,331 INFO  [SoapUITestCaseRunner] Running Project [WSDL Project], runType = SEQUENTIAL
2020-06-04 15:13:33,662 INFO  [SoapUITestCaseRunner] Running SoapUI testcase [TC01]
2020-06-04 15:13:33,738 INFO  [SoapUITestCaseRunner] running step [JDBC Request-Email]
2020-06-04 15:13:35,337 INFO  [SoapUITestCaseRunner] Assertion [Contains] has status VALID
2020-06-04 15:13:35,338 INFO  [SoapUITestCaseRunner] running step [PTCustEmail]
2020-06-04 15:13:36,123 INFO  [SoapUITestCaseRunner] running step [CreateCustomer]
2020-06-04 15:13:38,517 INFO  [SchemaUtils] Added default schema from file:/C:/Users/VIGNESHRAVIKUMAR/.m2/repository/com/smartbear/soapui/soapui/5.5.0/soapui-5.5.0.jar!/com/eviware/soapui/resources/xsds/xop.xsd with targetNamespace http://www.w3.org/2004/08/xop/include
2020-06-04 15:13:38,619 INFO  [SchemaUtils] Added default schema from file:/C:/Users/VIGNESHRAVIKUMAR/.m2/repository/com/smartbear/soapui/soapui/5.5.0/soapui-5.5.0.jar!/com/eviware/soapui/resources/xsds/XMLSchema.xsd with targetNamespace http://www.w3.org/2001/XMLSchema
2020-06-04 15:13:38,622 INFO  [SchemaUtils] Added default schema from file:/C:/Users/VIGNESHRAVIKUMAR/.m2/repository/com/smartbear/soapui/soapui/5.5.0/soapui-5.5.0.jar!/com/eviware/soapui/resources/xsds/xml.xsd with targetNamespace http://www.w3.org/XML/1998/namespace
2020-06-04 15:13:38,660 INFO  [SchemaUtils] Added default schema from file:/C:/Users/VIGNESHRAVIKUMAR/.m2/repository/com/smartbear/soapui/soapui/5.5.0/soapui-5.5.0.jar!/com/eviware/soapui/resources/xsds/swaref.xsd with targetNamespace http://ws-i.org/profiles/basic/1.1/xsd
2020-06-04 15:13:38,673 INFO  [SchemaUtils] Added default schema from file:/C:/Users/VIGNESHRAVIKUMAR/.m2/repository/com/smartbear/soapui/soapui/5.5.0/soapui-5.5.0.jar!/com/eviware/soapui/resources/xsds/xmime200505.xsd with targetNamespace http://www.w3.org/2005/05/xmlmime
2020-06-04 15:13:38,688 INFO  [SchemaUtils] Added default schema from file:/C:/Users/VIGNESHRAVIKUMAR/.m2/repository/com/smartbear/soapui/soapui/5.5.0/soapui-5.5.0.jar!/com/eviware/soapui/resources/xsds/xmime200411.xsd with targetNamespace http://www.w3.org/2004/11/xmlmime
2020-06-04 15:13:38,713 INFO  [SchemaUtils] Added default schema from file:/C:/Users/VIGNESHRAVIKUMAR/.m2/repository/com/smartbear/soapui/soapui/5.5.0/soapui-5.5.0.jar!/com/eviware/soapui/resources/xsds/soapEnvelope.xsd with targetNamespace http://schemas.xmlsoap.org/soap/envelope/
2020-06-04 15:13:38,720 INFO  [SchemaUtils] Added default schema from file:/C:/Users/VIGNESHRAVIKUMAR/.m2/repository/com/smartbear/soapui/soapui/5.5.0/soapui-5.5.0.jar!/com/eviware/soapui/resources/xsds/soapEncoding.xsd with targetNamespace http://schemas.xmlsoap.org/soap/encoding/
2020-06-04 15:13:38,725 INFO  [SchemaUtils] Added default schema from file:/C:/Users/VIGNESHRAVIKUMAR/.m2/repository/com/smartbear/soapui/soapui/5.5.0/soapui-5.5.0.jar!/com/eviware/soapui/resources/xsds/soapEnvelope12.xsd with targetNamespace http://www.w3.org/2003/05/soap-envelope
2020-06-04 15:13:38,752 INFO  [SchemaUtils] Added default schema from file:/C:/Users/VIGNESHRAVIKUMAR/.m2/repository/com/smartbear/soapui/soapui/5.5.0/soapui-5.5.0.jar!/com/eviware/soapui/resources/xsds/soapEncoding12.xsd with targetNamespace http://www.w3.org/2003/05/soap-encoding
2020-06-04 15:13:38,779 INFO  [SchemaUtils] Loading schema types from [file:/C:/Users/VIGNESHRAVIKUMAR/Desktop/BellCanada/Soap/SOAP%20API%20WSDL%20EndPoints/SOAP%20API%20WSDL%20EndPoints/customerCustomerRepositoryV1.xml]
2020-06-04 15:13:38,782 INFO  [SchemaUtils] Getting schema file:/C:/Users/VIGNESHRAVIKUMAR/Desktop/BellCanada/Soap/SOAP%20API%20WSDL%20EndPoints/SOAP%20API%20WSDL%20EndPoints/customerCustomerRepositoryV1.xml
2020-06-04 15:13:40,939 INFO  [log] Customer Id = 2220
2020-06-04 15:13:40,949 INFO  [log] Address Id = 1713
2020-06-04 15:13:40,990 INFO  [SoapUITestCaseRunner] Assertion [SOAP Response] has status VALID
2020-06-04 15:13:40,990 INFO  [SoapUITestCaseRunner] Assertion [Schema Compliance] has status VALID
2020-06-04 15:13:40,994 INFO  [SoapUITestCaseRunner] Assertion [Not SOAP Fault] has status VALID
2020-06-04 15:13:41,005 INFO  [SoapUITestCaseRunner] Assertion [Script Assertion] has status VALID
2020-06-04 15:13:41,009 INFO  [SoapUITestCaseRunner] Assertion [Valid HTTP Status Codes] has status VALID
2020-06-04 15:13:41,013 INFO  [SoapUITestCaseRunner] running step [GetCustomerDetails]
2020-06-04 15:13:47,596 INFO  [SoapUITestCaseRunner] Assertion [SOAP Response] has status VALID
2020-06-04 15:13:47,662 INFO  [SoapUITestCaseRunner] Assertion [Schema Compliance] has status VALID
2020-06-04 15:13:47,755 INFO  [SoapUITestCaseRunner] Assertion [Not SOAP Fault] has status VALID
2020-06-04 15:13:47,760 INFO  [SoapUITestCaseRunner] Assertion [Valid HTTP Status Codes] has status VALID
2020-06-04 15:13:47,771 INFO  [SoapUITestCaseRunner] running step [GetCustomerDetailsById]
2020-06-04 15:13:48,974 INFO  [SoapUITestCaseRunner] Assertion [SOAP Response] has status VALID
2020-06-04 15:13:48,976 INFO  [SoapUITestCaseRunner] Assertion [Schema Compliance] has status VALID
2020-06-04 15:13:48,980 INFO  [SoapUITestCaseRunner] Assertion [Not SOAP Fault] has status VALID
2020-06-04 15:13:48,982 INFO  [SoapUITestCaseRunner] Assertion [Valid HTTP Status Codes] has status VALID
2020-06-04 15:13:48,984 INFO  [SoapUITestCaseRunner] running step [DeleteCustomerById]
2020-06-04 15:13:50,090 INFO  [SoapUITestCaseRunner] Assertion [SOAP Response] has status VALID
2020-06-04 15:13:50,098 INFO  [SoapUITestCaseRunner] Assertion [Schema Compliance] has status VALID
2020-06-04 15:13:50,112 INFO  [SoapUITestCaseRunner] Assertion [Not SOAP Fault] has status VALID
2020-06-04 15:13:50,113 INFO  [SoapUITestCaseRunner] Assertion [Valid HTTP Status Codes] has status VALID
2020-06-04 15:13:51,837 INFO  [SoapUITestCaseRunner] Finished running SoapUI testcase [TC01], time taken: 16080ms, status: FINISHED
2020-06-04 15:13:52,051 INFO  [SoapUITestCaseRunner] Running SoapUI testcase [TC02]
2020-06-04 15:13:52,057 INFO  [SoapUITestCaseRunner] running step [CreateCustomer]
2020-06-04 15:13:53,034 INFO  [log] Customer Id = 2221
2020-06-04 15:13:53,075 INFO  [log] Address Id = 1714
2020-06-04 15:13:53,086 INFO  [SoapUITestCaseRunner] Assertion [SOAP Response] has status VALID
2020-06-04 15:13:53,088 INFO  [SoapUITestCaseRunner] Assertion [Schema Compliance] has status VALID
2020-06-04 15:13:53,097 INFO  [SoapUITestCaseRunner] Assertion [Not SOAP Fault] has status VALID
2020-06-04 15:13:53,098 INFO  [SoapUITestCaseRunner] Assertion [Script Assertion] has status VALID
2020-06-04 15:13:53,105 INFO  [SoapUITestCaseRunner] Assertion [Valid HTTP Status Codes] has status VALID
2020-06-04 15:13:53,108 INFO  [SoapUITestCaseRunner] running step [CustomerAddressById]
2020-06-04 15:13:53,921 INFO  [SchemaUtils] Loading schema types from [file:/C:/Users/VIGNESHRAVIKUMAR/Desktop/BellCanada/Soap/SOAP%20API%20WSDL%20EndPoints/SOAP%20API%20WSDL%20EndPoints/customerAddressRepositoryV1.xml]
2020-06-04 15:13:53,938 INFO  [SchemaUtils] Getting schema file:/C:/Users/VIGNESHRAVIKUMAR/Desktop/BellCanada/Soap/SOAP%20API%20WSDL%20EndPoints/SOAP%20API%20WSDL%20EndPoints/customerAddressRepositoryV1.xml
2020-06-04 15:13:54,254 INFO  [SoapUITestCaseRunner] Assertion [SOAP Response] has status VALID
2020-06-04 15:13:54,261 INFO  [SoapUITestCaseRunner] Assertion [Schema Compliance] has status VALID
2020-06-04 15:13:54,274 INFO  [SoapUITestCaseRunner] Assertion [Not SOAP Fault] has status VALID
2020-06-04 15:13:54,278 INFO  [SoapUITestCaseRunner] running step [CustomerDeleteAddressById]
2020-06-04 15:13:55,100 INFO  [SoapUITestCaseRunner] Assertion [SOAP Response] has status VALID
2020-06-04 15:13:55,100 INFO  [SoapUITestCaseRunner] Assertion [Schema Compliance] has status VALID
2020-06-04 15:13:55,100 INFO  [SoapUITestCaseRunner] Assertion [Not SOAP Fault] has status VALID
2020-06-04 15:13:56,063 INFO  [SoapUITestCaseRunner] Finished running SoapUI testcase [TC02], time taken: 2975ms, status: FINISHED
2020-06-04 15:13:56,082 INFO  [SoapUITestCaseRunner] Running SoapUI testcase [DataDriven&SystemTest]
2020-06-04 15:13:56,083 INFO  [SoapUITestCaseRunner] running step [DataDrivenTesting]
2020-06-04 15:13:57,194 INFO  [log] SKUV00101
2020-06-04 15:13:57,267 INFO  [log]  row size is 4
2020-06-04 15:13:57,277 INFO  [log]  column size is 1
2020-06-04 15:13:57,282 INFO  [log]  Current SKU NO is  SKUV00101
2020-06-04 15:13:57,308 INFO  [SoapUITestCaseRunner] Running SoapUI testcase [TC03DataDriven]
2020-06-04 15:13:57,318 INFO  [SoapUITestCaseRunner] running step [PropertiesSKU]
2020-06-04 15:13:57,333 INFO  [SoapUITestCaseRunner] running step [CreateProduct]
2020-06-04 15:13:58,888 INFO  [SchemaUtils] Loading schema types from [file:/C:/Users/VIGNESHRAVIKUMAR/Desktop/BellCanada/Soap/SOAP%20API%20WSDL%20EndPoints/SOAP%20API%20WSDL%20EndPoints/catalogProductRepositoryV1.xml]
2020-06-04 15:13:58,902 INFO  [SchemaUtils] Getting schema file:/C:/Users/VIGNESHRAVIKUMAR/Desktop/BellCanada/Soap/SOAP%20API%20WSDL%20EndPoints/SOAP%20API%20WSDL%20EndPoints/catalogProductRepositoryV1.xml
2020-06-04 15:13:59,359 INFO  [SoapUITestCaseRunner] Assertion [SOAP Response] has status VALID
2020-06-04 15:13:59,403 INFO  [SoapUITestCaseRunner] Assertion [Schema Compliance] has status VALID
2020-06-04 15:13:59,403 INFO  [SoapUITestCaseRunner] Assertion [Not SOAP Fault] has status VALID
2020-06-04 15:13:59,418 INFO  [SoapUITestCaseRunner] Assertion [Valid HTTP Status Codes] has status VALID
2020-06-04 15:13:59,420 INFO  [SoapUITestCaseRunner] running step [GetProductList]
2020-06-04 15:14:00,657 INFO  [SoapUITestCaseRunner] Assertion [SOAP Response] has status VALID
2020-06-04 15:14:00,661 INFO  [SoapUITestCaseRunner] Assertion [Schema Compliance] has status VALID
2020-06-04 15:14:00,669 INFO  [SoapUITestCaseRunner] Assertion [Not SOAP Fault] has status VALID
2020-06-04 15:14:00,671 INFO  [SoapUITestCaseRunner] Assertion [Valid HTTP Status Codes] has status VALID
2020-06-04 15:14:00,671 INFO  [SoapUITestCaseRunner] running step [GetProductListSKU]
2020-06-04 15:14:01,424 INFO  [SoapUITestCaseRunner] Assertion [SOAP Response] has status VALID
2020-06-04 15:14:01,425 INFO  [SoapUITestCaseRunner] Assertion [Schema Compliance] has status VALID
2020-06-04 15:14:01,432 INFO  [SoapUITestCaseRunner] Assertion [Not SOAP Fault] has status VALID
2020-06-04 15:14:01,439 INFO  [SoapUITestCaseRunner] Assertion [Valid HTTP Status Codes] has status VALID
2020-06-04 15:14:01,445 INFO  [SoapUITestCaseRunner] running step [DeleteProductSKU]
2020-06-04 15:14:02,495 INFO  [SoapUITestCaseRunner] Assertion [SOAP Response] has status VALID
2020-06-04 15:14:02,496 INFO  [SoapUITestCaseRunner] Assertion [Schema Compliance] has status VALID
2020-06-04 15:14:02,498 INFO  [SoapUITestCaseRunner] Assertion [Not SOAP Fault] has status VALID
2020-06-04 15:14:02,589 INFO  [SoapUITestCaseRunner] Finished running SoapUI testcase [TC03DataDriven], time taken: 5066ms, status: FINISHED
2020-06-04 15:14:02,591 INFO  [log] Status:  FINISHED, time taken for testCase is: 5066 ms
2020-06-04 15:14:02,594 INFO  [log] number of test steps executed are: 5
2020-06-04 15:14:02,615 INFO  [log]  Current SKU NO is  SKUV00102
2020-06-04 15:14:02,617 INFO  [SoapUITestCaseRunner] Running SoapUI testcase [TC03DataDriven]
2020-06-04 15:14:02,619 INFO  [SoapUITestCaseRunner] running step [PropertiesSKU]
2020-06-04 15:14:02,629 INFO  [SoapUITestCaseRunner] running step [CreateProduct]
2020-06-04 15:14:03,806 INFO  [SoapUITestCaseRunner] Assertion [SOAP Response] has status VALID
2020-06-04 15:14:03,816 INFO  [SoapUITestCaseRunner] Assertion [Schema Compliance] has status VALID
2020-06-04 15:14:03,828 INFO  [SoapUITestCaseRunner] Assertion [Not SOAP Fault] has status VALID
2020-06-04 15:14:03,839 INFO  [SoapUITestCaseRunner] Assertion [Valid HTTP Status Codes] has status VALID
2020-06-04 15:14:03,846 INFO  [SoapUITestCaseRunner] running step [GetProductList]
2020-06-04 15:14:04,901 INFO  [SoapUITestCaseRunner] Assertion [SOAP Response] has status VALID
2020-06-04 15:14:04,926 INFO  [SoapUITestCaseRunner] Assertion [Schema Compliance] has status VALID
2020-06-04 15:14:04,938 INFO  [SoapUITestCaseRunner] Assertion [Not SOAP Fault] has status VALID
2020-06-04 15:14:04,941 INFO  [SoapUITestCaseRunner] Assertion [Valid HTTP Status Codes] has status VALID
2020-06-04 15:14:04,949 INFO  [SoapUITestCaseRunner] running step [GetProductListSKU]
2020-06-04 15:14:05,816 INFO  [SoapUITestCaseRunner] Assertion [SOAP Response] has status VALID
2020-06-04 15:14:05,821 INFO  [SoapUITestCaseRunner] Assertion [Schema Compliance] has status VALID
2020-06-04 15:14:05,822 INFO  [SoapUITestCaseRunner] Assertion [Not SOAP Fault] has status VALID
2020-06-04 15:14:05,831 INFO  [SoapUITestCaseRunner] Assertion [Valid HTTP Status Codes] has status VALID
2020-06-04 15:14:05,839 INFO  [SoapUITestCaseRunner] running step [DeleteProductSKU]
2020-06-04 15:14:06,867 INFO  [SoapUITestCaseRunner] Assertion [SOAP Response] has status VALID
2020-06-04 15:14:06,880 INFO  [SoapUITestCaseRunner] Assertion [Schema Compliance] has status VALID
2020-06-04 15:14:06,881 INFO  [SoapUITestCaseRunner] Assertion [Not SOAP Fault] has status VALID
2020-06-04 15:14:06,950 INFO  [SoapUITestCaseRunner] Finished running SoapUI testcase [TC03DataDriven], time taken: 4092ms, status: FINISHED
2020-06-04 15:14:06,951 INFO  [log] Status:  FINISHED, time taken for testCase is: 4092 ms
2020-06-04 15:14:06,953 INFO  [log] number of test steps executed are: 5
2020-06-04 15:14:06,954 INFO  [log]  Current SKU NO is  SKUV00103
2020-06-04 15:14:06,955 INFO  [SoapUITestCaseRunner] Running SoapUI testcase [TC03DataDriven]
2020-06-04 15:14:06,956 INFO  [SoapUITestCaseRunner] running step [PropertiesSKU]
2020-06-04 15:14:06,959 INFO  [SoapUITestCaseRunner] running step [CreateProduct]
2020-06-04 15:14:08,060 INFO  [SoapUITestCaseRunner] Assertion [SOAP Response] has status VALID
2020-06-04 15:14:08,061 INFO  [SoapUITestCaseRunner] Assertion [Schema Compliance] has status VALID
2020-06-04 15:14:08,067 INFO  [SoapUITestCaseRunner] Assertion [Not SOAP Fault] has status VALID
2020-06-04 15:14:08,072 INFO  [SoapUITestCaseRunner] Assertion [Valid HTTP Status Codes] has status VALID
2020-06-04 15:14:08,080 INFO  [SoapUITestCaseRunner] running step [GetProductList]
2020-06-04 15:14:09,128 INFO  [SoapUITestCaseRunner] Assertion [SOAP Response] has status VALID
2020-06-04 15:14:09,276 INFO  [SoapUITestCaseRunner] Assertion [Schema Compliance] has status VALID
2020-06-04 15:14:09,299 INFO  [SoapUITestCaseRunner] Assertion [Not SOAP Fault] has status VALID
2020-06-04 15:14:09,299 INFO  [SoapUITestCaseRunner] Assertion [Valid HTTP Status Codes] has status VALID
2020-06-04 15:14:09,300 INFO  [SoapUITestCaseRunner] running step [GetProductListSKU]
2020-06-04 15:14:10,242 INFO  [SoapUITestCaseRunner] Assertion [SOAP Response] has status VALID
2020-06-04 15:14:10,242 INFO  [SoapUITestCaseRunner] Assertion [Schema Compliance] has status VALID
2020-06-04 15:14:10,244 INFO  [SoapUITestCaseRunner] Assertion [Not SOAP Fault] has status VALID
2020-06-04 15:14:10,246 INFO  [SoapUITestCaseRunner] Assertion [Valid HTTP Status Codes] has status VALID
2020-06-04 15:14:10,248 INFO  [SoapUITestCaseRunner] running step [DeleteProductSKU]
2020-06-04 15:14:11,174 INFO  [SoapUITestCaseRunner] Assertion [SOAP Response] has status VALID
2020-06-04 15:14:11,174 INFO  [SoapUITestCaseRunner] Assertion [Schema Compliance] has status VALID
2020-06-04 15:14:11,176 INFO  [SoapUITestCaseRunner] Assertion [Not SOAP Fault] has status VALID
2020-06-04 15:14:11,237 INFO  [SoapUITestCaseRunner] Finished running SoapUI testcase [TC03DataDriven], time taken: 3996ms, status: FINISHED
2020-06-04 15:14:11,239 INFO  [log] Status:  FINISHED, time taken for testCase is: 3996 ms
2020-06-04 15:14:11,239 INFO  [log] number of test steps executed are: 5
2020-06-04 15:14:11,240 INFO  [log]  Current SKU NO is  SKUV00104
2020-06-04 15:14:11,242 INFO  [SoapUITestCaseRunner] Running SoapUI testcase [TC03DataDriven]
2020-06-04 15:14:11,243 INFO  [SoapUITestCaseRunner] running step [PropertiesSKU]
2020-06-04 15:14:11,244 INFO  [SoapUITestCaseRunner] running step [CreateProduct]
2020-06-04 15:14:12,420 INFO  [SoapUITestCaseRunner] Assertion [SOAP Response] has status VALID
2020-06-04 15:14:12,423 INFO  [SoapUITestCaseRunner] Assertion [Schema Compliance] has status VALID
2020-06-04 15:14:12,423 INFO  [SoapUITestCaseRunner] Assertion [Not SOAP Fault] has status VALID
2020-06-04 15:14:12,430 INFO  [SoapUITestCaseRunner] Assertion [Valid HTTP Status Codes] has status VALID
2020-06-04 15:14:12,430 INFO  [SoapUITestCaseRunner] running step [GetProductList]
2020-06-04 15:14:13,381 INFO  [SoapUITestCaseRunner] Assertion [SOAP Response] has status VALID
2020-06-04 15:14:13,382 INFO  [SoapUITestCaseRunner] Assertion [Schema Compliance] has status VALID
2020-06-04 15:14:13,392 INFO  [SoapUITestCaseRunner] Assertion [Not SOAP Fault] has status VALID
2020-06-04 15:14:13,396 INFO  [SoapUITestCaseRunner] Assertion [Valid HTTP Status Codes] has status VALID
2020-06-04 15:14:13,399 INFO  [SoapUITestCaseRunner] running step [GetProductListSKU]
2020-06-04 15:14:14,255 INFO  [SoapUITestCaseRunner] Assertion [SOAP Response] has status VALID
2020-06-04 15:14:14,264 INFO  [SoapUITestCaseRunner] Assertion [Schema Compliance] has status VALID
2020-06-04 15:14:14,269 INFO  [SoapUITestCaseRunner] Assertion [Not SOAP Fault] has status VALID
2020-06-04 15:14:14,270 INFO  [SoapUITestCaseRunner] Assertion [Valid HTTP Status Codes] has status VALID
2020-06-04 15:14:14,271 INFO  [SoapUITestCaseRunner] running step [DeleteProductSKU]
2020-06-04 15:14:15,204 INFO  [SoapUITestCaseRunner] Assertion [SOAP Response] has status VALID
2020-06-04 15:14:15,206 INFO  [SoapUITestCaseRunner] Assertion [Schema Compliance] has status VALID
2020-06-04 15:14:15,208 INFO  [SoapUITestCaseRunner] Assertion [Not SOAP Fault] has status VALID
2020-06-04 15:14:15,262 INFO  [SoapUITestCaseRunner] Finished running SoapUI testcase [TC03DataDriven], time taken: 3897ms, status: FINISHED
2020-06-04 15:14:15,263 INFO  [log] Status:  FINISHED, time taken for testCase is: 3897 ms
2020-06-04 15:14:15,264 INFO  [log] number of test steps executed are: 5
2020-06-04 15:14:15,265 INFO  [SoapUITestCaseRunner] running step [systemtest]
2020-06-04 15:14:15,434 INFO  [SoapUITestCaseRunner] Running SoapUI testcase [TC03SystemTest]
2020-06-04 15:14:15,462 INFO  [SoapUITestCaseRunner] running step [CreateProduct]
2020-06-04 15:14:16,655 INFO  [SoapUITestCaseRunner] Assertion [SOAP Response] has status VALID
2020-06-04 15:14:16,655 INFO  [SoapUITestCaseRunner] Assertion [Schema Compliance] has status VALID
2020-06-04 15:14:16,659 INFO  [SoapUITestCaseRunner] Assertion [Not SOAP Fault] has status VALID
2020-06-04 15:14:16,666 INFO  [SoapUITestCaseRunner] Assertion [Valid HTTP Status Codes] has status VALID
2020-06-04 15:14:16,668 INFO  [SoapUITestCaseRunner] Assertion [Script Assertion] has status VALID
2020-06-04 15:14:16,673 INFO  [SoapUITestCaseRunner] running step [GetProductList]
2020-06-04 15:14:17,662 INFO  [SoapUITestCaseRunner] Assertion [SOAP Response] has status VALID
2020-06-04 15:14:17,665 INFO  [SoapUITestCaseRunner] Assertion [Schema Compliance] has status VALID
2020-06-04 15:14:17,677 INFO  [SoapUITestCaseRunner] Assertion [Not SOAP Fault] has status VALID
2020-06-04 15:14:17,682 INFO  [SoapUITestCaseRunner] Assertion [Valid HTTP Status Codes] has status VALID
2020-06-04 15:14:17,688 INFO  [SoapUITestCaseRunner] running step [GetProductListSKU]
2020-06-04 15:14:18,569 INFO  [SoapUITestCaseRunner] Assertion [SOAP Response] has status VALID
2020-06-04 15:14:18,575 INFO  [SoapUITestCaseRunner] Assertion [Schema Compliance] has status VALID
2020-06-04 15:14:18,576 INFO  [SoapUITestCaseRunner] Assertion [Not SOAP Fault] has status VALID
2020-06-04 15:14:18,598 INFO  [SoapUITestCaseRunner] Assertion [Valid HTTP Status Codes] has status VALID
2020-06-04 15:14:18,607 INFO  [SoapUITestCaseRunner] running step [DeleteProductSKU]
2020-06-04 15:14:19,565 INFO  [SoapUITestCaseRunner] Assertion [SOAP Response] has status VALID
2020-06-04 15:14:19,573 INFO  [SoapUITestCaseRunner] Assertion [Schema Compliance] has status VALID
2020-06-04 15:14:19,573 INFO  [SoapUITestCaseRunner] Assertion [Not SOAP Fault] has status VALID
2020-06-04 15:14:19,665 INFO  [SoapUITestCaseRunner] Finished running SoapUI testcase [TC03SystemTest], time taken: 3998ms, status: FINISHED
2020-06-04 15:14:19,671 INFO  [log] Result status is FINISHED
2020-06-04 15:14:19,671 INFO  [log] 4
2020-06-04 15:14:19,674 INFO  [SoapUITestCaseRunner] Finished running SoapUI testcase [DataDriven&SystemTest], time taken: 23584ms, status: FINISHED
2020-06-04 15:14:19,696 INFO  [SoapUITestCaseRunner] Running SoapUI testcase [TC03DataDriven]
2020-06-04 15:14:19,698 INFO  [SoapUITestCaseRunner] running step [PropertiesSKU]
2020-06-04 15:14:19,701 INFO  [SoapUITestCaseRunner] running step [CreateProduct]
2020-06-04 15:14:20,822 INFO  [SoapUITestCaseRunner] Assertion [SOAP Response] has status VALID
2020-06-04 15:14:20,823 INFO  [SoapUITestCaseRunner] Assertion [Schema Compliance] has status VALID
2020-06-04 15:14:20,834 INFO  [SoapUITestCaseRunner] Assertion [Not SOAP Fault] has status VALID
2020-06-04 15:14:20,842 INFO  [SoapUITestCaseRunner] Assertion [Valid HTTP Status Codes] has status VALID
2020-06-04 15:14:20,842 INFO  [SoapUITestCaseRunner] running step [GetProductList]
2020-06-04 15:14:21,905 INFO  [SoapUITestCaseRunner] Assertion [SOAP Response] has status VALID
2020-06-04 15:14:21,926 INFO  [SoapUITestCaseRunner] Assertion [Schema Compliance] has status VALID
2020-06-04 15:14:21,941 INFO  [SoapUITestCaseRunner] Assertion [Not SOAP Fault] has status VALID
2020-06-04 15:14:21,941 INFO  [SoapUITestCaseRunner] Assertion [Valid HTTP Status Codes] has status VALID
2020-06-04 15:14:21,942 INFO  [SoapUITestCaseRunner] running step [GetProductListSKU]
2020-06-04 15:14:22,827 INFO  [SoapUITestCaseRunner] Assertion [SOAP Response] has status VALID
2020-06-04 15:14:22,827 INFO  [SoapUITestCaseRunner] Assertion [Schema Compliance] has status VALID
2020-06-04 15:14:22,831 INFO  [SoapUITestCaseRunner] Assertion [Not SOAP Fault] has status VALID
2020-06-04 15:14:22,834 INFO  [SoapUITestCaseRunner] Assertion [Valid HTTP Status Codes] has status VALID
2020-06-04 15:14:22,842 INFO  [SoapUITestCaseRunner] running step [DeleteProductSKU]
2020-06-04 15:14:23,831 INFO  [SoapUITestCaseRunner] Assertion [SOAP Response] has status VALID
2020-06-04 15:14:23,837 INFO  [SoapUITestCaseRunner] Assertion [Schema Compliance] has status VALID
2020-06-04 15:14:23,838 INFO  [SoapUITestCaseRunner] Assertion [Not SOAP Fault] has status VALID
2020-06-04 15:14:23,886 INFO  [SoapUITestCaseRunner] Finished running SoapUI testcase [TC03DataDriven], time taken: 4037ms, status: FINISHED
2020-06-04 15:14:23,889 INFO  [SoapUITestCaseRunner] Running SoapUI testcase [TC03SystemTest]
2020-06-04 15:14:23,891 INFO  [SoapUITestCaseRunner] running step [CreateProduct]
2020-06-04 15:14:25,254 INFO  [SoapUITestCaseRunner] Assertion [SOAP Response] has status VALID
2020-06-04 15:14:25,254 INFO  [SoapUITestCaseRunner] Assertion [Schema Compliance] has status VALID
2020-06-04 15:14:25,257 INFO  [SoapUITestCaseRunner] Assertion [Not SOAP Fault] has status VALID
2020-06-04 15:14:25,261 INFO  [SoapUITestCaseRunner] Assertion [Valid HTTP Status Codes] has status VALID
2020-06-04 15:14:25,263 INFO  [SoapUITestCaseRunner] Assertion [Script Assertion] has status VALID
2020-06-04 15:14:25,271 INFO  [SoapUITestCaseRunner] running step [GetProductList]
2020-06-04 15:14:26,275 INFO  [SoapUITestCaseRunner] Assertion [SOAP Response] has status VALID
2020-06-04 15:14:26,314 INFO  [SoapUITestCaseRunner] Assertion [Schema Compliance] has status VALID
2020-06-04 15:14:26,315 INFO  [SoapUITestCaseRunner] Assertion [Not SOAP Fault] has status VALID
2020-06-04 15:14:26,316 INFO  [SoapUITestCaseRunner] Assertion [Valid HTTP Status Codes] has status VALID
2020-06-04 15:14:26,319 INFO  [SoapUITestCaseRunner] running step [GetProductListSKU]
2020-06-04 15:14:27,102 INFO  [SoapUITestCaseRunner] Assertion [SOAP Response] has status VALID
2020-06-04 15:14:27,106 INFO  [SoapUITestCaseRunner] Assertion [Schema Compliance] has status VALID
2020-06-04 15:14:27,112 INFO  [SoapUITestCaseRunner] Assertion [Not SOAP Fault] has status VALID
2020-06-04 15:14:27,118 INFO  [SoapUITestCaseRunner] Assertion [Valid HTTP Status Codes] has status VALID
2020-06-04 15:14:27,119 INFO  [SoapUITestCaseRunner] running step [DeleteProductSKU]
2020-06-04 15:14:28,036 INFO  [SoapUITestCaseRunner] Assertion [SOAP Response] has status VALID
2020-06-04 15:14:28,036 INFO  [SoapUITestCaseRunner] Assertion [Schema Compliance] has status VALID
2020-06-04 15:14:28,037 INFO  [SoapUITestCaseRunner] Assertion [Not SOAP Fault] has status VALID
2020-06-04 15:14:28,073 INFO  [SoapUITestCaseRunner] Finished running SoapUI testcase [TC03SystemTest], time taken: 4056ms, status: FINISHED
2020-06-04 15:14:28,079 INFO  [SoapUITestCaseRunner] Running SoapUI testcase [TC04]
2020-06-04 15:14:28,079 INFO  [SoapUITestCaseRunner] running step [CreateSalesOrder]
2020-06-04 15:14:28,991 INFO  [SoapUITestCaseRunner] Assertion [SOAP Response] has status VALID
2020-06-04 15:14:28,992 INFO  [SoapUITestCaseRunner] Assertion [Not SOAP Fault] has status VALID
2020-06-04 15:14:28,999 INFO  [SoapUITestCaseRunner] Assertion [Valid HTTP Status Codes] has status VALID
2020-06-04 15:14:29,008 INFO  [SoapUITestCaseRunner] Assertion [XPath Match] has status VALID
2020-06-04 15:14:29,012 INFO  [SoapUITestCaseRunner] running step [PTSKU]
2020-06-04 15:14:29,028 INFO  [SoapUITestCaseRunner] running step [SalesOrderList]
2020-06-04 15:14:44,473 INFO  [SoapUITestCaseRunner] Assertion [SOAP Response] has status VALID
2020-06-04 15:14:44,474 INFO  [SoapUITestCaseRunner] Assertion [Not SOAP Fault] has status VALID
2020-06-04 15:14:44,476 INFO  [SoapUITestCaseRunner] Assertion [Valid HTTP Status Codes] has status VALID
2020-06-04 15:14:44,477 INFO  [SoapUITestCaseRunner] running step [SalesOrderById]
2020-06-04 15:14:45,311 INFO  [SoapUITestCaseRunner] Assertion [SOAP Response] has status VALID
2020-06-04 15:14:45,312 INFO  [SoapUITestCaseRunner] Assertion [Not SOAP Fault] has status VALID
2020-06-04 15:14:45,312 INFO  [SoapUITestCaseRunner] Assertion [Valid HTTP Status Codes] has status VALID
2020-06-04 15:14:45,421 INFO  [SoapUITestCaseRunner] Finished running SoapUI testcase [TC04], time taken: 17185ms, status: FINISHED
2020-06-04 15:14:45,435 INFO  [SoapUITestCaseRunner] Running SoapUI testcase [Customer]
2020-06-04 15:14:45,440 INFO  [SoapUITestCaseRunner] running step [JDBC Request-Email]
2020-06-04 15:14:45,475 INFO  [SoapUITestCaseRunner] Assertion [Contains] has status VALID
2020-06-04 15:14:45,488 INFO  [SoapUITestCaseRunner] running step [PTCustEmail]
2020-06-04 15:14:45,493 INFO  [SoapUITestCaseRunner] running step [CreateCustomer]
2020-06-04 15:14:46,414 INFO  [log] Customer Id = 2222
2020-06-04 15:14:46,451 INFO  [log] Address Id = 1715
2020-06-04 15:14:46,453 INFO  [SoapUITestCaseRunner] Assertion [SOAP Response] has status VALID
2020-06-04 15:14:46,457 INFO  [SoapUITestCaseRunner] Assertion [Schema Compliance] has status VALID
2020-06-04 15:14:46,458 INFO  [SoapUITestCaseRunner] Assertion [Not SOAP Fault] has status VALID
2020-06-04 15:14:46,468 INFO  [SoapUITestCaseRunner] Assertion [Script Assertion] has status VALID
2020-06-04 15:14:46,479 INFO  [SoapUITestCaseRunner] Assertion [Valid HTTP Status Codes] has status VALID
2020-06-04 15:14:46,550 INFO  [SoapUITestCaseRunner] running step [GetCustomerDetails]
2020-06-04 15:14:49,659 INFO  [SoapUITestCaseRunner] Assertion [SOAP Response] has status VALID
2020-06-04 15:14:49,666 INFO  [SoapUITestCaseRunner] Assertion [Schema Compliance] has status VALID
2020-06-04 15:14:49,667 INFO  [SoapUITestCaseRunner] Assertion [Not SOAP Fault] has status VALID
2020-06-04 15:14:49,668 INFO  [SoapUITestCaseRunner] Assertion [Valid HTTP Status Codes] has status VALID
2020-06-04 15:14:49,681 INFO  [SoapUITestCaseRunner] running step [GetCustomerDetailsById]
2020-06-04 15:14:50,383 INFO  [SoapUITestCaseRunner] Assertion [SOAP Response] has status VALID
2020-06-04 15:14:50,383 INFO  [SoapUITestCaseRunner] Assertion [Schema Compliance] has status VALID
2020-06-04 15:14:50,384 INFO  [SoapUITestCaseRunner] Assertion [Not SOAP Fault] has status VALID
2020-06-04 15:14:50,384 INFO  [SoapUITestCaseRunner] Assertion [Valid HTTP Status Codes] has status VALID
2020-06-04 15:14:50,385 INFO  [SoapUITestCaseRunner] running step [PTAddressId]
2020-06-04 15:14:50,408 INFO  [SoapUITestCaseRunner] running step [CustomerAddressById]
2020-06-04 15:14:51,082 INFO  [SoapUITestCaseRunner] Assertion [SOAP Response] has status VALID
2020-06-04 15:14:51,084 INFO  [SoapUITestCaseRunner] Assertion [Schema Compliance] has status VALID
2020-06-04 15:14:51,108 INFO  [SoapUITestCaseRunner] Assertion [Not SOAP Fault] has status VALID
2020-06-04 15:14:51,113 INFO  [SoapUITestCaseRunner] running step [CustomerDeleteAddressById]
2020-06-04 15:14:51,838 INFO  [SoapUITestCaseRunner] Assertion [SOAP Response] has status VALID
2020-06-04 15:14:51,839 INFO  [SoapUITestCaseRunner] Assertion [Schema Compliance] has status VALID
2020-06-04 15:14:51,839 INFO  [SoapUITestCaseRunner] Assertion [Not SOAP Fault] has status VALID
2020-06-04 15:14:51,841 INFO  [SoapUITestCaseRunner] running step [DeleteCustomerById]
2020-06-04 15:14:52,801 INFO  [SoapUITestCaseRunner] Assertion [SOAP Response] has status VALID
2020-06-04 15:14:52,802 INFO  [SoapUITestCaseRunner] Assertion [Schema Compliance] has status VALID
2020-06-04 15:14:52,811 INFO  [SoapUITestCaseRunner] Assertion [Not SOAP Fault] has status VALID
2020-06-04 15:14:52,811 INFO  [SoapUITestCaseRunner] Assertion [Valid HTTP Status Codes] has status VALID
2020-06-04 15:14:52,966 INFO  [SoapUITestCaseRunner] Finished running SoapUI testcase [Customer], time taken: 7153ms, status: FINISHED
2020-06-04 15:14:52,968 INFO  [SoapUITestCaseRunner] Running SoapUI testcase [Product]
2020-06-04 15:14:52,968 INFO  [SoapUITestCaseRunner] running step [PropertiesSKU]
2020-06-04 15:14:52,976 INFO  [SoapUITestCaseRunner] running step [CreateProduct]
2020-06-04 15:14:54,251 INFO  [SoapUITestCaseRunner] Assertion [SOAP Response] has status VALID
2020-06-04 15:14:54,251 INFO  [SoapUITestCaseRunner] Assertion [Schema Compliance] has status VALID
2020-06-04 15:14:54,255 INFO  [SoapUITestCaseRunner] Assertion [Not SOAP Fault] has status VALID
2020-06-04 15:14:54,262 INFO  [SoapUITestCaseRunner] Assertion [Valid HTTP Status Codes] has status VALID
2020-06-04 15:14:54,268 INFO  [SoapUITestCaseRunner] running step [GetProductList]
2020-06-04 15:14:55,260 INFO  [SoapUITestCaseRunner] Assertion [SOAP Response] has status VALID
2020-06-04 15:14:55,261 INFO  [SoapUITestCaseRunner] Assertion [Schema Compliance] has status VALID
2020-06-04 15:14:55,269 INFO  [SoapUITestCaseRunner] Assertion [Not SOAP Fault] has status VALID
2020-06-04 15:14:55,270 INFO  [SoapUITestCaseRunner] Assertion [Valid HTTP Status Codes] has status VALID
2020-06-04 15:14:55,278 INFO  [SoapUITestCaseRunner] running step [GetProductListSKU]
2020-06-04 15:14:56,153 INFO  [SoapUITestCaseRunner] Assertion [SOAP Response] has status VALID
2020-06-04 15:14:56,162 INFO  [SoapUITestCaseRunner] Assertion [Schema Compliance] has status VALID
2020-06-04 15:14:56,171 INFO  [SoapUITestCaseRunner] Assertion [Not SOAP Fault] has status VALID
2020-06-04 15:14:56,186 INFO  [SoapUITestCaseRunner] Assertion [Valid HTTP Status Codes] has status VALID
2020-06-04 15:14:56,196 INFO  [SoapUITestCaseRunner] running step [DeleteProductSKU]
2020-06-04 15:14:57,098 INFO  [SoapUITestCaseRunner] Assertion [SOAP Response] has status VALID
2020-06-04 15:14:57,098 INFO  [SoapUITestCaseRunner] Assertion [Schema Compliance] has status VALID
2020-06-04 15:14:57,099 INFO  [SoapUITestCaseRunner] Assertion [Not SOAP Fault] has status VALID
2020-06-04 15:14:57,170 INFO  [SoapUITestCaseRunner] Finished running SoapUI testcase [Product], time taken: 4030ms, status: FINISHED
2020-06-04 15:14:57,173 INFO  [SoapUITestCaseRunner] Running SoapUI testcase [SalesOrder]
2020-06-04 15:14:57,174 INFO  [SoapUITestCaseRunner] running step [CreateSalesOrder]
2020-06-04 15:14:58,091 INFO  [SoapUITestCaseRunner] Assertion [SOAP Response] has status VALID
2020-06-04 15:14:58,108 INFO  [SoapUITestCaseRunner] Assertion [Not SOAP Fault] has status VALID
2020-06-04 15:14:58,131 INFO  [SoapUITestCaseRunner] Assertion [Valid HTTP Status Codes] has status VALID
2020-06-04 15:14:58,135 INFO  [SoapUITestCaseRunner] Assertion [XPath Match] has status VALID
2020-06-04 15:14:58,137 INFO  [SoapUITestCaseRunner] running step [PTSKU]
2020-06-04 15:14:58,152 INFO  [SoapUITestCaseRunner] running step [SalesOrderList]
2020-06-04 15:15:13,851 INFO  [SoapUITestCaseRunner] Assertion [SOAP Response] has status VALID
2020-06-04 15:15:13,851 INFO  [SoapUITestCaseRunner] Assertion [Not SOAP Fault] has status VALID
2020-06-04 15:15:13,853 INFO  [SoapUITestCaseRunner] Assertion [Valid HTTP Status Codes] has status VALID
2020-06-04 15:15:13,855 INFO  [SoapUITestCaseRunner] running step [SalesOrderById]
2020-06-04 15:15:14,837 INFO  [SoapUITestCaseRunner] Assertion [SOAP Response] has status VALID
2020-06-04 15:15:14,838 INFO  [SoapUITestCaseRunner] Assertion [Not SOAP Fault] has status VALID
2020-06-04 15:15:14,854 INFO  [SoapUITestCaseRunner] Assertion [Valid HTTP Status Codes] has status VALID
2020-06-04 15:15:14,960 INFO  [SoapUITestCaseRunner] Finished running SoapUI testcase [SalesOrder], time taken: 17585ms, status: FINISHED
2020-06-04 15:15:14,960 INFO  [SoapUITestCaseRunner] Project [WSDL Project] finished with status [FINISHED] in 101554ms
2020-06-04 15:15:29,082 WARN  [Tools] Could not delete temporary directory C:\Users\VIGNES~1\AppData\Local\Temp\df6e8871-19fd-4349-8fba-c9442805e1e5
2020-06-04 15:15:29,099 WARN  [Tools] Could not delete temporary directory C:\Users\VIGNES~1\AppData\Local\Temp\9e79b7c7-bf9b-4ea6-9286-7c450b76b7c6
